[Time-limited test] ERROR LoggingArrayCollectionImpl  - at containsAll
java.lang.NullPointerException
	at tasks.n5.ArrayCollectionImpl.containsAll(ArrayCollectionImpl.java:73)
	at tasks.n11.LoggingArrayCollectionImpl.containsAll(LoggingArrayCollectionImpl.java:57)
	at tasks.n10.arraycollectionTask.ArrayCollectionTest.testContainsAllNullCollections(ArrayCollectionTest.java:154)
	at sun.reflect.NativeMethodAccessorImpl.invoke0(Native Method)
	at sun.reflect.NativeMethodAccessorImpl.invoke(NativeMethodAccessorImpl.java:62)
	at sun.reflect.DelegatingMethodAccessorImpl.invoke(DelegatingMethodAccessorImpl.java:43)
	at java.lang.reflect.Method.invoke(Method.java:498)
	at org.junit.runners.model.FrameworkMethod$1.runReflectiveCall(FrameworkMethod.java:50)
	at org.junit.internal.runners.model.ReflectiveCallable.run(ReflectiveCallable.java:12)
	at org.junit.runners.model.FrameworkMethod.invokeExplosively(FrameworkMethod.java:47)
	at org.junit.internal.runners.statements.InvokeMethod.evaluate(InvokeMethod.java:17)
	at org.junit.internal.runners.statements.FailOnTimeout$CallableStatement.call(FailOnTimeout.java:298)
	at org.junit.internal.runners.statements.FailOnTimeout$CallableStatement.call(FailOnTimeout.java:292)
	at java.util.concurrent.FutureTask.run(FutureTask.java:266)
	at java.lang.Thread.run(Thread.java:748)
[Time-limited test] ERROR LoggingArrayCollectionImpl  - at retainAll
java.lang.NullPointerException
	at tasks.n5.ArrayCollectionImpl.retainAll(ArrayCollectionImpl.java:133)
	at tasks.n11.LoggingArrayCollectionImpl.retainAll(LoggingArrayCollectionImpl.java:114)
	at tasks.n10.arraycollectionTask.ArrayCollectionTest.testRetainAllNullCollections(ArrayCollectionTest.java:215)
	at sun.reflect.NativeMethodAccessorImpl.invoke0(Native Method)
	at sun.reflect.NativeMethodAccessorImpl.invoke(NativeMethodAccessorImpl.java:62)
	at sun.reflect.DelegatingMethodAccessorImpl.invoke(DelegatingMethodAccessorImpl.java:43)
	at java.lang.reflect.Method.invoke(Method.java:498)
	at org.junit.runners.model.FrameworkMethod$1.runReflectiveCall(FrameworkMethod.java:50)
	at org.junit.internal.runners.model.ReflectiveCallable.run(ReflectiveCallable.java:12)
	at org.junit.runners.model.FrameworkMethod.invokeExplosively(FrameworkMethod.java:47)
	at org.junit.internal.runners.statements.InvokeMethod.evaluate(InvokeMethod.java:17)
	at org.junit.internal.runners.statements.FailOnTimeout$CallableStatement.call(FailOnTimeout.java:298)
	at org.junit.internal.runners.statements.FailOnTimeout$CallableStatement.call(FailOnTimeout.java:292)
	at java.util.concurrent.FutureTask.run(FutureTask.java:266)
	at java.lang.Thread.run(Thread.java:748)
[Time-limited test] ERROR LoggingArrayCollectionImpl  - at addAll
java.lang.IllegalArgumentException
	at tasks.n5.ArrayCollectionImpl.addAll(ArrayCollectionImpl.java:39)
	at tasks.n11.LoggingArrayCollectionImpl.addAll(LoggingArrayCollectionImpl.java:34)
	at tasks.n10.arraycollectionTask.ArrayCollectionTest.testAddAllItself(ArrayCollectionTest.java:85)
	at sun.reflect.NativeMethodAccessorImpl.invoke0(Native Method)
	at sun.reflect.NativeMethodAccessorImpl.invoke(NativeMethodAccessorImpl.java:62)
	at sun.reflect.DelegatingMethodAccessorImpl.invoke(DelegatingMethodAccessorImpl.java:43)
	at java.lang.reflect.Method.invoke(Method.java:498)
	at org.junit.runners.model.FrameworkMethod$1.runReflectiveCall(FrameworkMethod.java:50)
	at org.junit.internal.runners.model.ReflectiveCallable.run(ReflectiveCallable.java:12)
	at org.junit.runners.model.FrameworkMethod.invokeExplosively(FrameworkMethod.java:47)
	at org.junit.internal.runners.statements.InvokeMethod.evaluate(InvokeMethod.java:17)
	at org.junit.internal.runners.statements.FailOnTimeout$CallableStatement.call(FailOnTimeout.java:298)
	at org.junit.internal.runners.statements.FailOnTimeout$CallableStatement.call(FailOnTimeout.java:292)
	at java.util.concurrent.FutureTask.run(FutureTask.java:266)
	at java.lang.Thread.run(Thread.java:748)
[Time-limited test] ERROR LoggingArrayCollectionImpl  - at removeAll
java.lang.NullPointerException
	at tasks.n5.ArrayCollectionImpl.removeAll(ArrayCollectionImpl.java:116)
	at tasks.n11.LoggingArrayCollectionImpl.removeAll(LoggingArrayCollectionImpl.java:103)
	at tasks.n10.arraycollectionTask.ArrayCollectionTest.testRemoveAllNullCollections(ArrayCollectionTest.java:190)
	at sun.reflect.NativeMethodAccessorImpl.invoke0(Native Method)
	at sun.reflect.NativeMethodAccessorImpl.invoke(NativeMethodAccessorImpl.java:62)
	at sun.reflect.DelegatingMethodAccessorImpl.invoke(DelegatingMethodAccessorImpl.java:43)
	at java.lang.reflect.Method.invoke(Method.java:498)
	at org.junit.runners.model.FrameworkMethod$1.runReflectiveCall(FrameworkMethod.java:50)
	at org.junit.internal.runners.model.ReflectiveCallable.run(ReflectiveCallable.java:12)
	at org.junit.runners.model.FrameworkMethod.invokeExplosively(FrameworkMethod.java:47)
	at org.junit.internal.runners.statements.InvokeMethod.evaluate(InvokeMethod.java:17)
	at org.junit.internal.runners.statements.FailOnTimeout$CallableStatement.call(FailOnTimeout.java:298)
	at org.junit.internal.runners.statements.FailOnTimeout$CallableStatement.call(FailOnTimeout.java:292)
	at java.util.concurrent.FutureTask.run(FutureTask.java:266)
	at java.lang.Thread.run(Thread.java:748)
[main] TRACE LoggingArrayCollectionImpl  - at iterator
[main] TRACE LoggingArrayCollectionImpl  - at setArray
[main] TRACE LoggingArrayCollectionImpl  - at iterator
[main] TRACE LoggingArrayCollectionImpl  - at setArray
[main] TRACE LoggingArrayCollectionImpl  - at iterator
[main] TRACE LoggingArrayCollectionImpl  - at iterator
[main] TRACE LoggingArrayCollectionImpl  - at setArray
[main] TRACE LoggingArrayCollectionImpl  - at iterator
[main] TRACE LoggingArrayCollectionImpl  - at iterator
[main] TRACE LoggingArrayCollectionImpl  - at setArray
[main] TRACE LoggingArrayCollectionImpl  - at iterator
[Time-limited test] TRACE LoggingArrayCollectionImpl  - at addAll
[Time-limited test] TRACE LoggingArrayCollectionImpl  - at toArray
[Time-limited test] TRACE LoggingArrayCollectionImpl  - at addAll
[Time-limited test] TRACE LoggingArrayCollectionImpl  - at toArray
[Time-limited test] TRACE LoggingArrayCollectionImpl  - at add
[Time-limited test] TRACE LoggingArrayCollectionImpl  - at getArray
[Time-limited test] TRACE LoggingArrayCollectionImpl  - at getArray
[Time-limited test] TRACE LoggingArrayCollectionImpl  - at getArray
[Time-limited test] TRACE LoggingArrayCollectionImpl  - at add
[Time-limited test] TRACE LoggingArrayCollectionImpl  - at add
[Time-limited test] TRACE LoggingArrayCollectionImpl  - at add
[Time-limited test] TRACE LoggingArrayCollectionImpl  - at getArray
[Time-limited test] TRACE LoggingArrayCollectionImpl  - at getArray
[Time-limited test] TRACE LoggingArrayCollectionImpl  - at addAll
[Time-limited test] TRACE LoggingArrayCollectionImpl  - at getArray
[Time-limited test] TRACE LoggingArrayCollectionImpl  - at clear
[Time-limited test] TRACE LoggingArrayCollectionImpl  - at getArray
[Time-limited test] TRACE LoggingArrayCollectionImpl  - at getArray
[Time-limited test] TRACE LoggingArrayCollectionImpl  - at size
[Time-limited test] TRACE LoggingArrayCollectionImpl  - at add
[Time-limited test] TRACE LoggingArrayCollectionImpl  - at size
[Time-limited test] TRACE LoggingArrayCollectionImpl  - at addAll
[Time-limited test] TRACE LoggingArrayCollectionImpl  - at size
[Time-limited test] TRACE LoggingArrayCollectionImpl  - at clear
[Time-limited test] TRACE LoggingArrayCollectionImpl  - at size
[Time-limited test] TRACE LoggingArrayCollectionImpl  - at contains
[Time-limited test] TRACE LoggingArrayCollectionImpl  - at add
[Time-limited test] TRACE LoggingArrayCollectionImpl  - at contains
[Time-limited test] TRACE LoggingArrayCollectionImpl  - at getArray
[Time-limited test] TRACE LoggingArrayCollectionImpl  - at getArray
[Time-limited test] TRACE LoggingArrayCollectionImpl  - at setArray
[Time-limited test] TRACE LoggingArrayCollectionImpl  - at getArray
[Time-limited test] TRACE LoggingArrayCollectionImpl  - at getArray
[Time-limited test] TRACE LoggingArrayCollectionImpl  - at add
[Time-limited test] TRACE LoggingArrayCollectionImpl  - at add
[Time-limited test] TRACE LoggingArrayCollectionImpl  - at add
[Time-limited test] TRACE LoggingArrayCollectionImpl  - at retainAll
[Time-limited test] TRACE LoggingArrayCollectionImpl  - at size
[Time-limited test] TRACE LoggingArrayCollectionImpl  - at retainAll
[Time-limited test] TRACE LoggingArrayCollectionImpl  - at size
[Time-limited test] TRACE LoggingArrayCollectionImpl  - at contains
[Time-limited test] TRACE LoggingArrayCollectionImpl  - at getArray
[Time-limited test] TRACE LoggingArrayCollectionImpl  - at getArray
[Time-limited test] TRACE LoggingArrayCollectionImpl  - at addAll
[Time-limited test] TRACE LoggingArrayCollectionImpl  - at containsAll
[Time-limited test] TRACE LoggingArrayCollectionImpl  - at contains
[Time-limited test] TRACE LoggingArrayCollectionImpl  - at contains
[Time-limited test] TRACE LoggingArrayCollectionImpl  - at contains
[Time-limited test] TRACE LoggingArrayCollectionImpl  - at getArray
[Time-limited test] TRACE LoggingArrayCollectionImpl  - at containsAll
[Time-limited test] TRACE LoggingArrayCollectionImpl  - at contains
[Time-limited test] TRACE LoggingArrayCollectionImpl  - at containsAll
[Time-limited test] ERROR LoggingArrayCollectionImpl  - at containsAll
java.lang.NullPointerException
	at tasks.n5.ArrayCollectionImpl.containsAll(ArrayCollectionImpl.java:73)
	at tasks.n11.LoggingArrayCollectionImpl.containsAll(LoggingArrayCollectionImpl.java:57)
	at tasks.n10.arraycollectionTask.ArrayCollectionTest.testContainsAllNullCollections(ArrayCollectionTest.java:154)
	at sun.reflect.NativeMethodAccessorImpl.invoke0(Native Method)
	at sun.reflect.NativeMethodAccessorImpl.invoke(NativeMethodAccessorImpl.java:62)
	at sun.reflect.DelegatingMethodAccessorImpl.invoke(DelegatingMethodAccessorImpl.java:43)
	at java.lang.reflect.Method.invoke(Method.java:498)
	at org.junit.runners.model.FrameworkMethod$1.runReflectiveCall(FrameworkMethod.java:50)
	at org.junit.internal.runners.model.ReflectiveCallable.run(ReflectiveCallable.java:12)
	at org.junit.runners.model.FrameworkMethod.invokeExplosively(FrameworkMethod.java:47)
	at org.junit.internal.runners.statements.InvokeMethod.evaluate(InvokeMethod.java:17)
	at org.junit.internal.runners.statements.FailOnTimeout$CallableStatement.call(FailOnTimeout.java:298)
	at org.junit.internal.runners.statements.FailOnTimeout$CallableStatement.call(FailOnTimeout.java:292)
	at java.util.concurrent.FutureTask.run(FutureTask.java:266)
	at java.lang.Thread.run(Thread.java:748)
[Time-limited test] TRACE LoggingArrayCollectionImpl  - at retainAll
[Time-limited test] TRACE LoggingArrayCollectionImpl  - at size
[Time-limited test] ERROR LoggingArrayCollectionImpl  - at retainAll
java.lang.NullPointerException
	at tasks.n5.ArrayCollectionImpl.retainAll(ArrayCollectionImpl.java:133)
	at tasks.n11.LoggingArrayCollectionImpl.retainAll(LoggingArrayCollectionImpl.java:114)
	at tasks.n10.arraycollectionTask.ArrayCollectionTest.testRetainAllNullCollections(ArrayCollectionTest.java:215)
	at sun.reflect.NativeMethodAccessorImpl.invoke0(Native Method)
	at sun.reflect.NativeMethodAccessorImpl.invoke(NativeMethodAccessorImpl.java:62)
	at sun.reflect.DelegatingMethodAccessorImpl.invoke(DelegatingMethodAccessorImpl.java:43)
	at java.lang.reflect.Method.invoke(Method.java:498)
	at org.junit.runners.model.FrameworkMethod$1.runReflectiveCall(FrameworkMethod.java:50)
	at org.junit.internal.runners.model.ReflectiveCallable.run(ReflectiveCallable.java:12)
	at org.junit.runners.model.FrameworkMethod.invokeExplosively(FrameworkMethod.java:47)
	at org.junit.internal.runners.statements.InvokeMethod.evaluate(InvokeMethod.java:17)
	at org.junit.internal.runners.statements.FailOnTimeout$CallableStatement.call(FailOnTimeout.java:298)
	at org.junit.internal.runners.statements.FailOnTimeout$CallableStatement.call(FailOnTimeout.java:292)
	at java.util.concurrent.FutureTask.run(FutureTask.java:266)
	at java.lang.Thread.run(Thread.java:748)
[Time-limited test] TRACE LoggingArrayCollectionImpl  - at add
[Time-limited test] TRACE LoggingArrayCollectionImpl  - at contains
[Time-limited test] TRACE LoggingArrayCollectionImpl  - at contains
[Time-limited test] TRACE LoggingArrayCollectionImpl  - at getArray
[Time-limited test] TRACE LoggingArrayCollectionImpl  - at add
[Time-limited test] TRACE LoggingArrayCollectionImpl  - at add
[Time-limited test] TRACE LoggingArrayCollectionImpl  - at add
[Time-limited test] TRACE LoggingArrayCollectionImpl  - at addAll
[Time-limited test] ERROR LoggingArrayCollectionImpl  - at addAll
java.lang.IllegalArgumentException
	at tasks.n5.ArrayCollectionImpl.addAll(ArrayCollectionImpl.java:39)
	at tasks.n11.LoggingArrayCollectionImpl.addAll(LoggingArrayCollectionImpl.java:34)
	at tasks.n10.arraycollectionTask.ArrayCollectionTest.testAddAllItself(ArrayCollectionTest.java:85)
	at sun.reflect.NativeMethodAccessorImpl.invoke0(Native Method)
	at sun.reflect.NativeMethodAccessorImpl.invoke(NativeMethodAccessorImpl.java:62)
	at sun.reflect.DelegatingMethodAccessorImpl.invoke(DelegatingMethodAccessorImpl.java:43)
	at java.lang.reflect.Method.invoke(Method.java:498)
	at org.junit.runners.model.FrameworkMethod$1.runReflectiveCall(FrameworkMethod.java:50)
	at org.junit.internal.runners.model.ReflectiveCallable.run(ReflectiveCallable.java:12)
	at org.junit.runners.model.FrameworkMethod.invokeExplosively(FrameworkMethod.java:47)
	at org.junit.internal.runners.statements.InvokeMethod.evaluate(InvokeMethod.java:17)
	at org.junit.internal.runners.statements.FailOnTimeout$CallableStatement.call(FailOnTimeout.java:298)
	at org.junit.internal.runners.statements.FailOnTimeout$CallableStatement.call(FailOnTimeout.java:292)
	at java.util.concurrent.FutureTask.run(FutureTask.java:266)
	at java.lang.Thread.run(Thread.java:748)
[Time-limited test] TRACE LoggingArrayCollectionImpl  - at add
[Time-limited test] TRACE LoggingArrayCollectionImpl  - at add
[Time-limited test] TRACE LoggingArrayCollectionImpl  - at getArray
[Time-limited test] TRACE LoggingArrayCollectionImpl  - at setArray
[Time-limited test] TRACE LoggingArrayCollectionImpl  - at addAll
[Time-limited test] TRACE LoggingArrayCollectionImpl  - at getArray
[Time-limited test] TRACE LoggingArrayCollectionImpl  - at getArray
[Time-limited test] TRACE LoggingArrayCollectionImpl  - at addAll
[Time-limited test] TRACE LoggingArrayCollectionImpl  - at getArray
[Time-limited test] TRACE LoggingArrayCollectionImpl  - at isEmpty
[Time-limited test] TRACE LoggingArrayCollectionImpl  - at add
[Time-limited test] TRACE LoggingArrayCollectionImpl  - at isEmpty
[Time-limited test] TRACE LoggingArrayCollectionImpl  - at clear
[Time-limited test] TRACE LoggingArrayCollectionImpl  - at isEmpty
[Time-limited test] TRACE LoggingArrayCollectionImpl  - at add
[Time-limited test] TRACE LoggingArrayCollectionImpl  - at remove
[Time-limited test] TRACE LoggingArrayCollectionImpl  - at getArray
[Time-limited test] TRACE LoggingArrayCollectionImpl  - at add
[Time-limited test] TRACE LoggingArrayCollectionImpl  - at add
[Time-limited test] TRACE LoggingArrayCollectionImpl  - at remove
[Time-limited test] TRACE LoggingArrayCollectionImpl  - at getArray
[Time-limited test] TRACE LoggingArrayCollectionImpl  - at remove
[Time-limited test] TRACE LoggingArrayCollectionImpl  - at getArray
[Time-limited test] TRACE LoggingArrayCollectionImpl  - at add
[Time-limited test] TRACE LoggingArrayCollectionImpl  - at addAll
[Time-limited test] TRACE LoggingArrayCollectionImpl  - at removeAll
[Time-limited test] TRACE LoggingArrayCollectionImpl  - at size
[Time-limited test] TRACE LoggingArrayCollectionImpl  - at remove
[Time-limited test] TRACE LoggingArrayCollectionImpl  - at size
[Time-limited test] TRACE LoggingArrayCollectionImpl  - at removeAll
[Time-limited test] TRACE LoggingArrayCollectionImpl  - at size
[Time-limited test] TRACE LoggingArrayCollectionImpl  - at remove
[Time-limited test] TRACE LoggingArrayCollectionImpl  - at remove
[Time-limited test] TRACE LoggingArrayCollectionImpl  - at remove
[Time-limited test] TRACE LoggingArrayCollectionImpl  - at size
[Time-limited test] TRACE LoggingArrayCollectionImpl  - at isEmpty
[Time-limited test] TRACE LoggingArrayCollectionImpl  - at getArray
[Time-limited test] TRACE LoggingArrayCollectionImpl  - at getArray
[Time-limited test] TRACE LoggingArrayCollectionImpl  - at removeAll
[Time-limited test] ERROR LoggingArrayCollectionImpl  - at removeAll
java.lang.NullPointerException
	at tasks.n5.ArrayCollectionImpl.removeAll(ArrayCollectionImpl.java:116)
	at tasks.n11.LoggingArrayCollectionImpl.removeAll(LoggingArrayCollectionImpl.java:103)
	at tasks.n10.arraycollectionTask.ArrayCollectionTest.testRemoveAllNullCollections(ArrayCollectionTest.java:190)
	at sun.reflect.NativeMethodAccessorImpl.invoke0(Native Method)
	at sun.reflect.NativeMethodAccessorImpl.invoke(NativeMethodAccessorImpl.java:62)
	at sun.reflect.DelegatingMethodAccessorImpl.invoke(DelegatingMethodAccessorImpl.java:43)
	at java.lang.reflect.Method.invoke(Method.java:498)
	at org.junit.runners.model.FrameworkMethod$1.runReflectiveCall(FrameworkMethod.java:50)
	at org.junit.internal.runners.model.ReflectiveCallable.run(ReflectiveCallable.java:12)
	at org.junit.runners.model.FrameworkMethod.invokeExplosively(FrameworkMethod.java:47)
	at org.junit.internal.runners.statements.InvokeMethod.evaluate(InvokeMethod.java:17)
	at org.junit.internal.runners.statements.FailOnTimeout$CallableStatement.call(FailOnTimeout.java:298)
	at org.junit.internal.runners.statements.FailOnTimeout$CallableStatement.call(FailOnTimeout.java:292)
	at java.util.concurrent.FutureTask.run(FutureTask.java:266)
	at java.lang.Thread.run(Thread.java:748)
[main] TRACE LoggingArrayCollectionImpl  - at iterator
[main] TRACE LoggingArrayCollectionImpl  - at setArray
[main] TRACE LoggingArrayCollectionImpl  - at iterator
[main] TRACE LoggingArrayCollectionImpl  - at setArray
[main] TRACE LoggingArrayCollectionImpl  - at iterator
[main] TRACE LoggingArrayCollectionImpl  - at iterator
[main] TRACE LoggingArrayCollectionImpl  - at setArray
[main] TRACE LoggingArrayCollectionImpl  - at iterator
[main] TRACE LoggingArrayCollectionImpl  - at iterator
[main] TRACE LoggingArrayCollectionImpl  - at setArray
[main] TRACE LoggingArrayCollectionImpl  - at iterator
[Time-limited test] TRACE LoggingArrayCollectionImpl  - at addAll
[Time-limited test] TRACE LoggingArrayCollectionImpl  - at toArray
[Time-limited test] TRACE LoggingArrayCollectionImpl  - at addAll
[Time-limited test] TRACE LoggingArrayCollectionImpl  - at toArray
[Time-limited test] TRACE LoggingArrayCollectionImpl  - at add
[Time-limited test] TRACE LoggingArrayCollectionImpl  - at getArray
[Time-limited test] TRACE LoggingArrayCollectionImpl  - at getArray
[Time-limited test] TRACE LoggingArrayCollectionImpl  - at getArray
[Time-limited test] TRACE LoggingArrayCollectionImpl  - at add
[Time-limited test] TRACE LoggingArrayCollectionImpl  - at add
[Time-limited test] TRACE LoggingArrayCollectionImpl  - at add
[Time-limited test] TRACE LoggingArrayCollectionImpl  - at getArray
[Time-limited test] TRACE LoggingArrayCollectionImpl  - at getArray
[Time-limited test] TRACE LoggingArrayCollectionImpl  - at addAll
[Time-limited test] TRACE LoggingArrayCollectionImpl  - at getArray
[Time-limited test] TRACE LoggingArrayCollectionImpl  - at clear
[Time-limited test] TRACE LoggingArrayCollectionImpl  - at getArray
[Time-limited test] TRACE LoggingArrayCollectionImpl  - at getArray
[Time-limited test] TRACE LoggingArrayCollectionImpl  - at size
[Time-limited test] TRACE LoggingArrayCollectionImpl  - at add
[Time-limited test] TRACE LoggingArrayCollectionImpl  - at size
[Time-limited test] TRACE LoggingArrayCollectionImpl  - at addAll
[Time-limited test] TRACE LoggingArrayCollectionImpl  - at size
[Time-limited test] TRACE LoggingArrayCollectionImpl  - at clear
[Time-limited test] TRACE LoggingArrayCollectionImpl  - at size
[Time-limited test] TRACE LoggingArrayCollectionImpl  - at contains
[Time-limited test] TRACE LoggingArrayCollectionImpl  - at add
[Time-limited test] TRACE LoggingArrayCollectionImpl  - at contains
[Time-limited test] TRACE LoggingArrayCollectionImpl  - at getArray
[Time-limited test] TRACE LoggingArrayCollectionImpl  - at getArray
[Time-limited test] TRACE LoggingArrayCollectionImpl  - at setArray
[Time-limited test] TRACE LoggingArrayCollectionImpl  - at getArray
[Time-limited test] TRACE LoggingArrayCollectionImpl  - at getArray
[Time-limited test] TRACE LoggingArrayCollectionImpl  - at add
[Time-limited test] TRACE LoggingArrayCollectionImpl  - at add
[Time-limited test] TRACE LoggingArrayCollectionImpl  - at add
[Time-limited test] TRACE LoggingArrayCollectionImpl  - at retainAll
[Time-limited test] TRACE LoggingArrayCollectionImpl  - at size
[Time-limited test] TRACE LoggingArrayCollectionImpl  - at retainAll
[Time-limited test] TRACE LoggingArrayCollectionImpl  - at size
[Time-limited test] TRACE LoggingArrayCollectionImpl  - at contains
[Time-limited test] TRACE LoggingArrayCollectionImpl  - at getArray
[Time-limited test] TRACE LoggingArrayCollectionImpl  - at getArray
[Time-limited test] TRACE LoggingArrayCollectionImpl  - at addAll
[Time-limited test] TRACE LoggingArrayCollectionImpl  - at containsAll
[Time-limited test] TRACE LoggingArrayCollectionImpl  - at contains
[Time-limited test] TRACE LoggingArrayCollectionImpl  - at contains
[Time-limited test] TRACE LoggingArrayCollectionImpl  - at contains
[Time-limited test] TRACE LoggingArrayCollectionImpl  - at getArray
[Time-limited test] TRACE LoggingArrayCollectionImpl  - at containsAll
[Time-limited test] TRACE LoggingArrayCollectionImpl  - at contains
[Time-limited test] TRACE LoggingArrayCollectionImpl  - at containsAll
[Time-limited test] ERROR LoggingArrayCollectionImpl  - at containsAll
java.lang.NullPointerException
	at tasks.n5.ArrayCollectionImpl.containsAll(ArrayCollectionImpl.java:73)
	at tasks.n11.LoggingArrayCollectionImpl.containsAll(LoggingArrayCollectionImpl.java:57)
	at tasks.n10.arraycollectionTask.ArrayCollectionTest.testContainsAllNullCollections(ArrayCollectionTest.java:154)
	at sun.reflect.NativeMethodAccessorImpl.invoke0(Native Method)
	at sun.reflect.NativeMethodAccessorImpl.invoke(NativeMethodAccessorImpl.java:62)
	at sun.reflect.DelegatingMethodAccessorImpl.invoke(DelegatingMethodAccessorImpl.java:43)
	at java.lang.reflect.Method.invoke(Method.java:498)
	at org.junit.runners.model.FrameworkMethod$1.runReflectiveCall(FrameworkMethod.java:50)
	at org.junit.internal.runners.model.ReflectiveCallable.run(ReflectiveCallable.java:12)
	at org.junit.runners.model.FrameworkMethod.invokeExplosively(FrameworkMethod.java:47)
	at org.junit.internal.runners.statements.InvokeMethod.evaluate(InvokeMethod.java:17)
	at org.junit.internal.runners.statements.FailOnTimeout$CallableStatement.call(FailOnTimeout.java:298)
	at org.junit.internal.runners.statements.FailOnTimeout$CallableStatement.call(FailOnTimeout.java:292)
	at java.util.concurrent.FutureTask.run(FutureTask.java:266)
	at java.lang.Thread.run(Thread.java:748)
[Time-limited test] TRACE LoggingArrayCollectionImpl  - at retainAll
[Time-limited test] TRACE LoggingArrayCollectionImpl  - at size
[Time-limited test] ERROR LoggingArrayCollectionImpl  - at retainAll
java.lang.NullPointerException
	at tasks.n5.ArrayCollectionImpl.retainAll(ArrayCollectionImpl.java:133)
	at tasks.n11.LoggingArrayCollectionImpl.retainAll(LoggingArrayCollectionImpl.java:114)
	at tasks.n10.arraycollectionTask.ArrayCollectionTest.testRetainAllNullCollections(ArrayCollectionTest.java:215)
	at sun.reflect.NativeMethodAccessorImpl.invoke0(Native Method)
	at sun.reflect.NativeMethodAccessorImpl.invoke(NativeMethodAccessorImpl.java:62)
	at sun.reflect.DelegatingMethodAccessorImpl.invoke(DelegatingMethodAccessorImpl.java:43)
	at java.lang.reflect.Method.invoke(Method.java:498)
	at org.junit.runners.model.FrameworkMethod$1.runReflectiveCall(FrameworkMethod.java:50)
	at org.junit.internal.runners.model.ReflectiveCallable.run(ReflectiveCallable.java:12)
	at org.junit.runners.model.FrameworkMethod.invokeExplosively(FrameworkMethod.java:47)
	at org.junit.internal.runners.statements.InvokeMethod.evaluate(InvokeMethod.java:17)
	at org.junit.internal.runners.statements.FailOnTimeout$CallableStatement.call(FailOnTimeout.java:298)
	at org.junit.internal.runners.statements.FailOnTimeout$CallableStatement.call(FailOnTimeout.java:292)
	at java.util.concurrent.FutureTask.run(FutureTask.java:266)
	at java.lang.Thread.run(Thread.java:748)
[Time-limited test] TRACE LoggingArrayCollectionImpl  - at add
[Time-limited test] TRACE LoggingArrayCollectionImpl  - at contains
[Time-limited test] TRACE LoggingArrayCollectionImpl  - at contains
[Time-limited test] TRACE LoggingArrayCollectionImpl  - at getArray
[Time-limited test] TRACE LoggingArrayCollectionImpl  - at add
[Time-limited test] TRACE LoggingArrayCollectionImpl  - at add
[Time-limited test] TRACE LoggingArrayCollectionImpl  - at add
[Time-limited test] TRACE LoggingArrayCollectionImpl  - at addAll
[Time-limited test] ERROR LoggingArrayCollectionImpl  - at addAll
java.lang.IllegalArgumentException
	at tasks.n5.ArrayCollectionImpl.addAll(ArrayCollectionImpl.java:39)
	at tasks.n11.LoggingArrayCollectionImpl.addAll(LoggingArrayCollectionImpl.java:34)
	at tasks.n10.arraycollectionTask.ArrayCollectionTest.testAddAllItself(ArrayCollectionTest.java:85)
	at sun.reflect.NativeMethodAccessorImpl.invoke0(Native Method)
	at sun.reflect.NativeMethodAccessorImpl.invoke(NativeMethodAccessorImpl.java:62)
	at sun.reflect.DelegatingMethodAccessorImpl.invoke(DelegatingMethodAccessorImpl.java:43)
	at java.lang.reflect.Method.invoke(Method.java:498)
	at org.junit.runners.model.FrameworkMethod$1.runReflectiveCall(FrameworkMethod.java:50)
	at org.junit.internal.runners.model.ReflectiveCallable.run(ReflectiveCallable.java:12)
	at org.junit.runners.model.FrameworkMethod.invokeExplosively(FrameworkMethod.java:47)
	at org.junit.internal.runners.statements.InvokeMethod.evaluate(InvokeMethod.java:17)
	at org.junit.internal.runners.statements.FailOnTimeout$CallableStatement.call(FailOnTimeout.java:298)
	at org.junit.internal.runners.statements.FailOnTimeout$CallableStatement.call(FailOnTimeout.java:292)
	at java.util.concurrent.FutureTask.run(FutureTask.java:266)
	at java.lang.Thread.run(Thread.java:748)
[Time-limited test] TRACE LoggingArrayCollectionImpl  - at add
[Time-limited test] TRACE LoggingArrayCollectionImpl  - at add
[Time-limited test] TRACE LoggingArrayCollectionImpl  - at getArray
[Time-limited test] TRACE LoggingArrayCollectionImpl  - at setArray
[Time-limited test] TRACE LoggingArrayCollectionImpl  - at addAll
[Time-limited test] TRACE LoggingArrayCollectionImpl  - at getArray
[Time-limited test] TRACE LoggingArrayCollectionImpl  - at getArray
[Time-limited test] TRACE LoggingArrayCollectionImpl  - at addAll
[Time-limited test] TRACE LoggingArrayCollectionImpl  - at getArray
[Time-limited test] TRACE LoggingArrayCollectionImpl  - at isEmpty
[Time-limited test] TRACE LoggingArrayCollectionImpl  - at add
[Time-limited test] TRACE LoggingArrayCollectionImpl  - at isEmpty
[Time-limited test] TRACE LoggingArrayCollectionImpl  - at clear
[Time-limited test] TRACE LoggingArrayCollectionImpl  - at isEmpty
[Time-limited test] TRACE LoggingArrayCollectionImpl  - at add
[Time-limited test] TRACE LoggingArrayCollectionImpl  - at remove
[Time-limited test] TRACE LoggingArrayCollectionImpl  - at getArray
[Time-limited test] TRACE LoggingArrayCollectionImpl  - at add
[Time-limited test] TRACE LoggingArrayCollectionImpl  - at add
[Time-limited test] TRACE LoggingArrayCollectionImpl  - at remove
[Time-limited test] TRACE LoggingArrayCollectionImpl  - at getArray
[Time-limited test] TRACE LoggingArrayCollectionImpl  - at remove
[Time-limited test] TRACE LoggingArrayCollectionImpl  - at getArray
[Time-limited test] TRACE LoggingArrayCollectionImpl  - at add
[Time-limited test] TRACE LoggingArrayCollectionImpl  - at addAll
[Time-limited test] TRACE LoggingArrayCollectionImpl  - at removeAll
[Time-limited test] TRACE LoggingArrayCollectionImpl  - at size
[Time-limited test] TRACE LoggingArrayCollectionImpl  - at remove
[Time-limited test] TRACE LoggingArrayCollectionImpl  - at size
[Time-limited test] TRACE LoggingArrayCollectionImpl  - at removeAll
[Time-limited test] TRACE LoggingArrayCollectionImpl  - at size
[Time-limited test] TRACE LoggingArrayCollectionImpl  - at remove
[Time-limited test] TRACE LoggingArrayCollectionImpl  - at remove
[Time-limited test] TRACE LoggingArrayCollectionImpl  - at remove
[Time-limited test] TRACE LoggingArrayCollectionImpl  - at size
[Time-limited test] TRACE LoggingArrayCollectionImpl  - at isEmpty
[Time-limited test] TRACE LoggingArrayCollectionImpl  - at getArray
[Time-limited test] TRACE LoggingArrayCollectionImpl  - at getArray
[Time-limited test] TRACE LoggingArrayCollectionImpl  - at removeAll
[Time-limited test] ERROR LoggingArrayCollectionImpl  - at removeAll
java.lang.NullPointerException
	at tasks.n5.ArrayCollectionImpl.removeAll(ArrayCollectionImpl.java:116)
	at tasks.n11.LoggingArrayCollectionImpl.removeAll(LoggingArrayCollectionImpl.java:103)
	at tasks.n10.arraycollectionTask.ArrayCollectionTest.testRemoveAllNullCollections(ArrayCollectionTest.java:190)
	at sun.reflect.NativeMethodAccessorImpl.invoke0(Native Method)
	at sun.reflect.NativeMethodAccessorImpl.invoke(NativeMethodAccessorImpl.java:62)
	at sun.reflect.DelegatingMethodAccessorImpl.invoke(DelegatingMethodAccessorImpl.java:43)
	at java.lang.reflect.Method.invoke(Method.java:498)
	at org.junit.runners.model.FrameworkMethod$1.runReflectiveCall(FrameworkMethod.java:50)
	at org.junit.internal.runners.model.ReflectiveCallable.run(ReflectiveCallable.java:12)
	at org.junit.runners.model.FrameworkMethod.invokeExplosively(FrameworkMethod.java:47)
	at org.junit.internal.runners.statements.InvokeMethod.evaluate(InvokeMethod.java:17)
	at org.junit.internal.runners.statements.FailOnTimeout$CallableStatement.call(FailOnTimeout.java:298)
	at org.junit.internal.runners.statements.FailOnTimeout$CallableStatement.call(FailOnTimeout.java:292)
	at java.util.concurrent.FutureTask.run(FutureTask.java:266)
	at java.lang.Thread.run(Thread.java:748)
